<?xml version="1.0" encoding="UTF-8"?>
<!-- Generated by org.testng.reporters.JUnitReportReporter -->
<testsuite hostname="ZIL1227" failures="0" tests="5" name="TestPackage.Execution" time="14.012" errors="0" timestamp="2024-06-13T11:39:01 IST" skipped="0">
  <testcase classname="TestPackage.Execution" name="logintoadi" time="0.652"/>
  <testcase classname="TestPackage.Execution" name="gotosolution" time="5.122"/>
  <testcase classname="TestPackage.Execution" name="hitOffandwork" time="3.108"/>
  <testcase classname="TestPackage.Execution" name="hitcross" time="5.044"/>
  <testcase classname="TestPackage.Execution" name="acceptcookie" time="0.086"/>
</testsuite> <!-- TestPackage.Execution -->
